TN:
SF:src/amm/AMM.sol
DA:50,55
FN:50,AMM.constructor
FNDA:55,AMM.constructor
DA:51,55
BRDA:51,0,0,1
DA:52,54
BRDA:52,1,0,-
DA:53,54
BRDA:53,2,0,1
DA:54,53
DA:55,53
DA:56,53
DA:59,209016
FN:59,AMM.addLiquidity
FNDA:209016,AMM.addLiquidity
DA:64,209016
BRDA:64,3,0,1
DA:65,209015
BRDA:65,4,0,-
DA:67,209015
BRDA:67,5,0,6248
BRDA:67,5,1,103690
DA:68,6248
DA:76,202767
DA:77,202767
BRDA:77,6,0,99077
BRDA:77,6,1,103690
DA:84,99077
DA:85,0
DA:86,99077
DA:88,103690
DA:89,103690
DA:93,6248
BRDA:93,7,0,1
DA:94,209014
BRDA:94,8,0,1
DA:96,209013
DA:97,209013
BRDA:97,9,0,6248
BRDA:97,9,1,202765
DA:98,6248
DA:100,202765
DA:102,209013
BRDA:102,10,0,906
DA:104,208107
DA:105,208107
DA:107,208107
DA:108,208107
DA:110,207583
DA:112,207583
DA:115,198775
FN:115,AMM.removeLiquidity
FNDA:198775,AMM.removeLiquidity
DA:120,198775
BRDA:120,11,0,1
DA:121,198774
DA:122,198774
BRDA:122,12,0,-
DA:124,198774
DA:125,198774
DA:127,198774
BRDA:127,13,0,1
DA:128,198773
BRDA:128,14,0,-
DA:130,198773
BRDA:130,15,0,1881
DA:131,196892
BRDA:131,16,0,1994
DA:133,194898
DA:134,194898
DA:136,194898
DA:138,194898
DA:139,194898
DA:141,194898
DA:144,209620
FN:144,AMM.swap
FNDA:209620,AMM.swap
DA:149,209620
BRDA:149,17,0,1
DA:150,209619
BRDA:150,18,0,1
DA:152,209618
DA:153,209618
DA:154,209618
DA:155,209618
DA:157,105306
DA:158,204388
BRDA:158,19,0,2021
DA:159,202367
BRDA:159,20,0,1
DA:166,202366
BRDA:166,21,0,-
DA:168,101793
BRDA:168,22,0,101793
BRDA:168,22,1,100573
DA:169,101793
DA:170,101793
DA:172,100573
DA:173,100573
DA:176,202366
DA:177,202338
DA:179,202366
DA:182,210136
FN:182,AMM.getAmountOut
FNDA:210136,AMM.getAmountOut
DA:187,210136
BRDA:187,23,0,-
DA:188,210136
BRDA:188,24,0,5231
DA:189,204905
BRDA:189,25,0,-
DA:190,204905
DA:191,204905
DA:192,204905
DA:193,204905
DA:198,258
FN:198,AMM.getAmountOutYul
FNDA:258,AMM.getAmountOutYul
DA:207,0
BRDA:207,26,0,-
DA:208,0
DA:210,0
DA:211,0
DA:212,0
DA:213,0
DA:217,2
FN:217,AMM.quoteAForB
FNDA:2,AMM.quoteAForB
DA:218,2
BRDA:218,27,0,1
DA:219,1
DA:222,2
FN:222,AMM.quoteBForA
FNDA:2,AMM.quoteBForA
DA:223,2
BRDA:223,28,0,1
DA:224,1
DA:227,202765
FN:227,AMM._min
FNDA:202765,AMM._min
DA:228,202765
DA:232,6248
FN:232,AMM._sqrt
FNDA:6248,AMM._sqrt
DA:233,6248
DA:234,6248
DA:235,506109
DA:236,499861
DA:237,499861
FNF:10
FNH:10
LF:96
LH:89
BRF:33
BRH:25
end_of_record
TN:
SF:src/amm/Equestria1155.sol
DA:72,31
FN:72,Equestria1155.constructor
FNDA:31,Equestria1155.constructor
DA:75,31
DA:77,31
DA:80,31
DA:81,31
DA:82,31
DA:83,403
BRDA:83,0,0,31
DA:84,31
BRDA:84,1,0,-
DA:85,31
DA:88,31
DA:89,31
DA:90,31
DA:91,31
DA:94,1
FN:94,Equestria1155.uri
FNDA:1,Equestria1155.uri
DA:95,1
DA:96,1
DA:97,1
DA:98,1
DA:99,13
BRDA:99,2,1,1
DA:100,13
DA:101,1
DA:102,1
BRDA:102,2,0,1
DA:103,1
DA:104,1
DA:105,1
DA:106,64
DA:107,64
DA:109,1
DA:110,1
DA:112,12
DA:113,12
DA:114,12
DA:117,0
DA:118,1
DA:119,1
DA:120,1
DA:121,1
DA:122,1
DA:123,1
DA:126,64
FN:126,Equestria1155._hexChar
FNDA:64,Equestria1155._hexChar
DA:129,64
BRDA:129,3,0,63
DA:132,1
DA:135,2
FN:135,Equestria1155.onlyGovernor
FNDA:2,Equestria1155.onlyGovernor
DA:136,2
BRDA:136,4,0,1
DA:144,1
FN:144,Equestria1155.setGovernor
FNDA:1,Equestria1155.setGovernor
DA:145,1
DA:146,1
DA:149,1
FN:149,Equestria1155.setRecipe
FNDA:1,Equestria1155.setRecipe
DA:150,1
DA:153,0
FN:153,Equestria1155.setDropBoostBps
FNDA:0,Equestria1155.setDropBoostBps
DA:155,0
DA:156,0
DA:159,3
FN:159,Equestria1155.craft
FNDA:3,Equestria1155.craft
DA:160,3
DA:161,3
BRDA:161,5,0,-
DA:163,3
DA:165,3
BRDA:165,6,0,-
DA:166,3
BRDA:166,7,0,-
DA:167,3
BRDA:167,8,0,1
DA:168,2
BRDA:168,9,0,-
DA:169,2
BRDA:169,10,0,-
DA:170,2
BRDA:170,11,0,-
DA:172,2
DA:173,2
DA:174,2
DA:175,2
DA:176,2
DA:177,2
DA:184,2
DA:195,2
DA:196,2
DA:198,2
DA:201,2
FN:201,Equestria1155.fulfillRandomWords
FNDA:2,Equestria1155.fulfillRandomWords
DA:202,2
DA:203,2
DA:209,2
DA:210,1
DA:212,2
DA:221,40
FN:221,Equestria1155.nonZeroAddress
FNDA:40,Equestria1155.nonZeroAddress
DA:222,40
DA:226,114
FN:226,Equestria1155._nonZeroAddress
FNDA:114,Equestria1155._nonZeroAddress
DA:227,114
BRDA:227,12,0,-
DA:230,9
FN:230,Equestria1155.notSelfApproval
FNDA:9,Equestria1155.notSelfApproval
DA:231,9
DA:235,9
FN:235,Equestria1155._notSelfApproval
FNDA:9,Equestria1155._notSelfApproval
DA:236,9
BRDA:236,13,0,-
DA:239,0
FN:239,Equestria1155.supportsInterface
FNDA:0,Equestria1155.supportsInterface
DA:241,0
BRDA:241,14,0,-
DA:242,0
DA:245,8
FN:245,Equestria1155.safeTransferFrom
FNDA:8,Equestria1155.safeTransferFrom
DA:249,8
DA:250,8
BRDA:250,15,0,-
DA:252,8
DA:253,8
DA:256,1
FN:256,Equestria1155.safeBatchTransferFrom
FNDA:1,Equestria1155.safeBatchTransferFrom
DA:263,1
DA:264,1
BRDA:264,16,0,-
DA:266,1
BRDA:266,17,0,-
DA:268,1
DA:269,2
DA:270,2
DA:272,2
DA:274,1
DA:277,1
FN:277,Equestria1155.burn
FNDA:1,Equestria1155.burn
DA:278,1
DA:281,19
FN:281,Equestria1155.mint
FNDA:19,Equestria1155.mint
DA:282,19
DA:285,45
FN:285,Equestria1155.mintBatch
FNDA:45,Equestria1155.mintBatch
DA:290,45
BRDA:290,18,0,-
DA:292,267
DA:293,45
DA:295,45
DA:296,267
DA:297,267
DA:299,267
DA:301,45
DA:304,40
FN:304,Equestria1155.balanceOf
FNDA:40,Equestria1155.balanceOf
DA:305,40
DA:308,1
FN:308,Equestria1155.balanceOfBatch
FNDA:1,Equestria1155.balanceOfBatch
DA:313,1
BRDA:313,19,0,-
DA:315,1
DA:316,1
DA:317,3
DA:318,3
DA:319,3
DA:321,0
DA:324,9
FN:324,Equestria1155.setApprovalForAll
FNDA:9,Equestria1155.setApprovalForAll
DA:325,9
DA:326,9
DA:329,0
FN:329,Equestria1155.isApprovedForAll
FNDA:0,Equestria1155.isApprovedForAll
DA:330,0
DA:333,1
FN:333,Equestria1155._burnWithData
FNDA:1,Equestria1155._burnWithData
DA:334,1
DA:335,1
DA:336,1
DA:337,1
DA:340,12
FN:340,Equestria1155._burn
FNDA:12,Equestria1155._burn
DA:341,12
DA:342,12
DA:343,12
DA:346,21
FN:346,Equestria1155._mint
FNDA:21,Equestria1155._mint
DA:347,21
DA:348,21
DA:349,21
DA:350,21
DA:353,30
FN:353,Equestria1155._safeHandleSmartContract
FNDA:30,Equestria1155._safeHandleSmartContract
DA:361,30
BRDA:361,20,0,6
DA:367,6
DA:369,6
BRDA:369,21,0,1
DA:370,1
DA:375,46
FN:375,Equestria1155._safeHandleSmartContractBatch
FNDA:46,Equestria1155._safeHandleSmartContractBatch
DA:383,46
BRDA:383,22,0,1
DA:384,1
DA:386,1
BRDA:386,23,0,-
DA:387,0
DA:392,311
FN:392,Equestria1155._transferSingle
FNDA:311,Equestria1155._transferSingle
DA:393,311
BRDA:393,24,0,23
DA:394,23
DA:396,23
BRDA:396,25,0,-
DA:398,23
DA:402,311
DA:404,311
FNF:29
FNH:26
LF:162
LH:151
BRF:27
BRH:10
end_of_record
TN:
SF:src/amm/GameToken.sol
DA:10,282
FN:10,GameToken.mint
FNDA:282,GameToken.mint
DA:11,282
FNF:1
FNH:1
LF:2
LH:2
BRF:0
BRH:0
end_of_record
TN:
SF:src/amm/LPToken.sol
DA:23,207583
FN:23,LPToken.onlyAmm
FNDA:207583,LPToken.onlyAmm
DA:24,0
DA:28,402481
FN:28,LPToken._onlyAmm
FNDA:402481,LPToken._onlyAmm
DA:29,402481
BRDA:29,0,0,-
DA:32,53
FN:32,LPToken.constructor
FNDA:53,LPToken.constructor
DA:33,53
BRDA:33,1,0,-
DA:34,53
DA:35,53
DA:36,53
DA:39,573
FN:39,LPToken.approve
FNDA:573,LPToken.approve
DA:40,573
DA:41,573
DA:42,573
DA:45,2
FN:45,LPToken.transfer
FNDA:2,LPToken.transfer
DA:46,2
DA:47,1
DA:50,4
FN:50,LPToken.transferFrom
FNDA:4,LPToken.transferFrom
DA:51,4
DA:52,4
BRDA:52,2,0,1
DA:53,3
BRDA:53,3,0,2
DA:54,2
DA:55,2
DA:57,3
DA:58,3
DA:61,207583
FN:61,LPToken.mint
FNDA:207583,LPToken.mint
DA:62,207583
BRDA:62,4,0,-
DA:63,207583
DA:64,207583
DA:65,207583
DA:68,194898
FN:68,LPToken.burn
FNDA:194898,LPToken.burn
DA:69,194898
BRDA:69,5,0,-
DA:70,194898
DA:71,194898
BRDA:71,6,0,-
DA:72,194898
DA:73,194898
DA:74,194898
DA:77,5
FN:77,LPToken._transfer
FNDA:5,LPToken._transfer
DA:78,5
BRDA:78,7,0,-
DA:79,5
DA:80,5
BRDA:80,8,0,1
DA:82,4
DA:83,4
DA:85,4
FNF:9
FNH:9
LF:43
LH:42
BRF:9
BRH:3
end_of_record
TN:
SF:src/chainlink/PriceFeedConsumer.sol
DA:14,13
FN:14,PriceFeedConsumer.constructor
FNDA:13,PriceFeedConsumer.constructor
DA:15,13
DA:16,13
DA:19,10
FN:19,PriceFeedConsumer.getLatestPrice
FNDA:10,PriceFeedConsumer.getLatestPrice
DA:20,10
DA:21,10
DA:22,10
BRDA:22,0,0,-
DA:23,10
BRDA:23,1,0,-
DA:29,10
BRDA:29,2,0,3
DA:30,7
BRDA:30,3,0,2
DA:31,0
DA:32,5
FNF:2
FNH:2
LF:12
LH:11
BRF:4
BRH:2
end_of_record
TN:
SF:src/chainlink/VRFConsumer.sol
DA:20,7
FN:20,VRFConsumer.constructor
FNDA:7,VRFConsumer.constructor
DA:21,7
DA:22,7
DA:25,263
FN:25,VRFConsumer.requestRandom
FNDA:263,VRFConsumer.requestRandom
DA:26,263
DA:33,263
DA:43,263
DA:44,263
DA:47,260
FN:47,VRFConsumer.fulfillRandomWords
FNDA:260,VRFConsumer.fulfillRandomWords
DA:48,260
DA:49,260
DA:50,260
FNF:3
FNH:3
LF:12
LH:12
BRF:0
BRH:0
end_of_record
TN:
SF:src/chainlink/mocks/MockAggregator.sol
DA:11,11
FN:11,MockAggregator.constructor
FNDA:11,MockAggregator.constructor
DA:12,11
DA:13,11
DA:16,3
FN:16,MockAggregator.setPrice
FNDA:3,MockAggregator.setPrice
DA:17,3
DA:18,3
DA:21,1
FN:21,MockAggregator.setUpdatedAt
FNDA:1,MockAggregator.setUpdatedAt
DA:22,1
DA:25,8
FN:25,MockAggregator.latestRoundData
FNDA:8,MockAggregator.latestRoundData
DA:31,8
DA:34,1
FN:34,MockAggregator.getRoundData
FNDA:1,MockAggregator.getRoundData
DA:40,1
DA:43,1
FN:43,MockAggregator.description
FNDA:1,MockAggregator.description
DA:44,1
DA:47,1
FN:47,MockAggregator.version
FNDA:1,MockAggregator.version
DA:48,1
FNF:7
FNH:7
LF:16
LH:16
BRF:0
BRH:0
end_of_record
TN:
SF:src/chainlink/mocks/MockVRFCoordinator.sol
DA:12,265
FN:12,MockVRFCoordinator.requestRandomWords
FNDA:265,MockVRFCoordinator.requestRandomWords
DA:13,265
DA:14,265
DA:17,262
FN:17,MockVRFCoordinator.fulfillRandomWords
FNDA:262,MockVRFCoordinator.fulfillRandomWords
DA:18,262
FNF:2
FNH:2
LF:5
LH:5
BRF:0
BRH:0
end_of_record
TN:
SF:src/dao/Box.sol
DA:13,2
FN:13,Box.onlyTimelock
FNDA:2,Box.onlyTimelock
DA:14,0
DA:18,2
FN:18,Box._onlyTimelock
FNDA:2,Box._onlyTimelock
DA:19,2
BRDA:19,0,0,-
DA:22,13
FN:22,Box.constructor
FNDA:13,Box.constructor
DA:23,13
BRDA:23,1,0,-
DA:24,13
DA:30,2
FN:30,Box.store
FNDA:2,Box.store
DA:31,2
DA:32,2
DA:35,2
FN:35,Box.retrieve
FNDA:2,Box.retrieve
DA:36,2
FNF:5
FNH:5
LF:12
LH:11
BRF:2
BRH:0
end_of_record
TN:
SF:src/dao/GovernanceToken.sol
DA:21,51
FN:21,GovernanceToken.constructor
FNDA:51,GovernanceToken.constructor
DA:25,51
BRDA:25,0,0,-
DA:26,51
BRDA:26,1,0,-
DA:27,51
BRDA:27,2,0,-
DA:28,51
BRDA:28,3,0,-
DA:29,51
DA:30,51
DA:31,51
DA:32,51
DA:34,51
DA:35,51
DA:36,51
DA:37,51
DA:44,309212
FN:44,GovernanceToken._update
FNDA:309212,GovernanceToken._update
DA:45,309212
DA:48,1
FN:48,GovernanceToken.nonces
FNDA:1,GovernanceToken.nonces
DA:49,1
FNF:3
FNH:3
LF:17
LH:17
BRF:4
BRH:0
end_of_record
TN:
SF:src/dao/MyGovernor.sol
DA:37,25
FN:37,MyGovernor.votingDelay
FNDA:25,MyGovernor.votingDelay
DA:45,25
DA:49,25
FN:49,MyGovernor.votingPeriod
FNDA:25,MyGovernor.votingPeriod
DA:57,25
DA:61,12
FN:61,MyGovernor.quorum
FNDA:12,MyGovernor.quorum
DA:62,12
DA:65,13
FN:65,MyGovernor.proposalThreshold
FNDA:13,MyGovernor.proposalThreshold
DA:66,13
DA:73,27
FN:73,MyGovernor.state
FNDA:27,MyGovernor.state
DA:74,27
DA:77,0
FN:77,MyGovernor.proposalNeedsQueuing
FNDA:0,MyGovernor.proposalNeedsQueuing
DA:83,0
DA:86,4
FN:86,MyGovernor._queueOperations
FNDA:4,MyGovernor._queueOperations
DA:93,4
DA:96,3
FN:96,MyGovernor._executeOperations
FNDA:3,MyGovernor._executeOperations
DA:103,3
DA:106,0
FN:106,MyGovernor._cancel
FNDA:0,MyGovernor._cancel
DA:112,0
DA:115,6
FN:115,MyGovernor._executor
FNDA:6,MyGovernor._executor
DA:116,6
DA:119,0
FN:119,MyGovernor.supportsInterface
FNDA:0,MyGovernor.supportsInterface
DA:120,0
FNF:11
FNH:8
LF:22
LH:16
BRF:0
BRH:0
end_of_record
TN:
SF:src/dao/TokenVesting.sol
DA:20,4
FN:20,TokenVesting.constructor
FNDA:4,TokenVesting.constructor
DA:21,4
BRDA:21,0,0,-
DA:22,4
BRDA:22,1,0,-
DA:23,4
DA:24,4
DA:25,4
DA:28,4
FN:28,TokenVesting.vestedAmount
FNDA:4,TokenVesting.vestedAmount
DA:29,4
DA:35,4
BRDA:35,2,0,-
DA:40,4
BRDA:40,3,0,1
DA:42,3
DA:45,2
FN:45,TokenVesting.release
FNDA:2,TokenVesting.release
DA:46,2
DA:47,2
DA:54,2
BRDA:54,4,0,1
DA:56,1
DA:57,1
FNF:3
FNH:3
LF:17
LH:17
BRF:5
BRH:2
end_of_record
TN:
SF:src/dao/Treasury.sol
DA:15,2
FN:15,Treasury.onlyTimelock
FNDA:2,Treasury.onlyTimelock
DA:16,0
DA:20,156292
FN:20,Treasury._onlyTimelock
FNDA:156292,Treasury._onlyTimelock
DA:21,156292
BRDA:21,0,0,2
DA:24,15
FN:24,Treasury.constructor
FNDA:15,Treasury.constructor
DA:25,15
BRDA:25,1,0,-
DA:26,15
DA:34,156289
FN:34,Treasury.withdrawETH
FNDA:156289,Treasury.withdrawETH
DA:35,156289
BRDA:35,2,0,-
DA:40,156289
DA:41,156289
BRDA:41,3,0,-
DA:47,1
FN:47,Treasury.withdrawToken
FNDA:1,Treasury.withdrawToken
DA:48,1
FNF:5
FNH:5
LF:13
LH:12
BRF:4
BRH:1
end_of_record
TN:
SF:src/factory/GameTokenFactory.sol
DA:12,7
FN:12,GameTokenFactory.createToken
FNDA:7,GameTokenFactory.createToken
DA:13,7
DA:14,7
DA:15,7
DA:19,5
FN:19,GameTokenFactory.createToken2
FNDA:5,GameTokenFactory.createToken2
DA:20,5
DA:21,4
DA:22,4
DA:26,1
FN:26,GameTokenFactory.predictAddress
FNDA:1,GameTokenFactory.predictAddress
DA:31,1
DA:32,1
DA:37,1
FN:37,GameTokenFactory.allTokensLength
FNDA:1,GameTokenFactory.allTokensLength
DA:38,1
FNF:4
FNH:4
LF:13
LH:13
BRF:0
BRH:0
end_of_record
TN:
SF:src/factory/GameTokenV1.sol
DA:11,40
FN:11,GameTokenV1.constructor
FNDA:40,GameTokenV1.constructor
DA:12,0
DA:15,11
FN:15,GameTokenV1.initialize
FNDA:11,GameTokenV1.initialize
DA:16,11
DA:17,11
DA:20,2
FN:20,GameTokenV1.mint
FNDA:2,GameTokenV1.mint
DA:21,2
DA:24,1
FN:24,GameTokenV1.version
FNDA:1,GameTokenV1.version
DA:25,1
DA:28,6
FN:28,GameTokenV1._authorizeUpgrade
FNDA:6,GameTokenV1._authorizeUpgrade
FNF:5
FNH:5
LF:10
LH:9
BRF:0
BRH:0
end_of_record
TN:
SF:src/factory/GameTokenV2.sol
DA:11,3
FN:11,GameTokenV2.initializeV2
FNDA:3,GameTokenV2.initializeV2
DA:12,3
DA:15,2
FN:15,GameTokenV2.mint
FNDA:2,GameTokenV2.mint
DA:16,2
BRDA:16,0,0,1
DA:17,1
DA:20,1
FN:20,GameTokenV2.version
FNDA:1,GameTokenV2.version
DA:21,1
FNF:3
FNH:3
LF:7
LH:7
BRF:1
BRH:1
end_of_record
TN:
SF:src/vault/NFTRentalVault.sol
DA:50,27
FN:50,NFTRentalVault.constructor
FNDA:27,NFTRentalVault.constructor
DA:55,27
DA:56,27
DA:62,7
FN:62,NFTRentalVault.stakeNFT
FNDA:7,NFTRentalVault.stakeNFT
DA:63,7
BRDA:63,0,0,1
DA:64,1
BRDA:64,1,0,1
DA:66,5
DA:67,5
DA:68,5
DA:70,5
DA:74,2
FN:74,NFTRentalVault.unstakeNFT
FNDA:2,NFTRentalVault.unstakeNFT
DA:78,2
BRDA:78,2,0,1
DA:81,1
DA:82,1
DA:84,1
DA:90,257
FN:90,NFTRentalVault.injectYield
FNDA:257,NFTRentalVault.injectYield
DA:96,257
DA:97,257
DA:100,2
FN:100,NFTRentalVault.setBoostBps
FNDA:2,NFTRentalVault.setBoostBps
DA:101,2
BRDA:101,3,0,1
DA:102,1
DA:103,1
DA:109,150244
FN:109,NFTRentalVault._convertToShares
FNDA:150244,NFTRentalVault._convertToShares
DA:110,150244
DA:111,1
BRDA:111,4,0,1
DA:112,1
DA:114,0
DA:117,150243
FN:117,NFTRentalVault.previewDeposit
FNDA:150243,NFTRentalVault.previewDeposit
DA:118,150243
DA:119,0
DA:123,150242
FN:123,NFTRentalVault._deposit
FNDA:150242,NFTRentalVault._deposit
DA:124,1
BRDA:124,5,0,1
DA:125,1
DA:127,150242
DA:132,5
FN:132,NFTRentalVault.onERC1155Received
FNDA:5,NFTRentalVault.onERC1155Received
DA:138,5
DA:141,0
FN:141,NFTRentalVault.onERC1155BatchReceived
FNDA:0,NFTRentalVault.onERC1155BatchReceived
DA:147,0
DA:150,0
FN:150,NFTRentalVault.supportsInterface
FNDA:0,NFTRentalVault.supportsInterface
DA:151,0
FNF:11
FNH:9
LF:40
LH:34
BRF:6
BRH:6
end_of_record
